- info Loaded env from /home/habibullah/Projects/medusa-docs-1.17.1/apps/api-reference/.env.production
- info Loaded env from /home/habibullah/Projects/medusa-docs-1.17.1/apps/api-reference/.env
- warn You have enabled experimental feature (serverActions) in next.config.mjs.
- warn Experimental features are not covered by semver, and may cause unexpected or broken application behavior. Use at your own risk.

- info Creating an optimized production build...
- info Compiled successfully
- info Linting and checking validity of types...

./app/api/algolia/route.tsx
22:33  Warning: Unexpected any. Specify a different type.  @typescript-eslint/no-explicit-any

./components/MDXComponents/H2/index.tsx
51:6  Warning: React Hook useEffect has missing dependencies: 'activePath', 'addItems', 'children', and 'id'. Either include them or remove the dependency array.  react-hooks/exhaustive-deps

./components/MDXContent/Client/index.tsx
11:12  Warning: Unexpected any. Specify a different type.  @typescript-eslint/no-explicit-any

./components/Tags/Operation/index.tsx
91:6  Warning: React Hook useEffect has a missing dependency: 'removeLoading'. Either include it or remove the dependency array.  react-hooks/exhaustive-deps

info  - Need to disable some ESLint rules? Learn more here: https://nextjs.org/docs/basic-features/eslint#disabling-rules
- info Collecting page data...
- warn Using server actions on a page currently disables static generation for that page
- info Generating static pages (0/11)
- info Generating static pages (2/11)
- info Generating static pages (5/11)
- info Generating static pages (8/11)
- info Generating static pages (11/11)
- info Finalizing page optimization...

Route (app)                                Size     First Load JS
┌ ● /api/[area]                            145 kB          408 kB
├   ├ /api/admin
├   └ /api/store
├ ○ /api/[area]/opengraph-image.jpg        0 B                0 B
├ ○ /api/[area]/twitter-image.jpg          0 B                0 B
├ λ /api/algolia                           0 B                0 B
├ λ /api/base-specs                        0 B                0 B
├ λ /api/tag                               0 B                0 B
├ ○ /assets/sitemap.xml                    0 B                0 B
├ ○ /favicon.ico                           0 B                0 B
├ ○ /icon.ico                              0 B                0 B
├ ○ /robots.txt                            0 B                0 B
└ ○ /sitemap.xml                           0 B                0 B
+ First Load JS shared by all              263 kB
  ├ chunks/114-ee7034700a634942.js         26.8 kB
  ├ chunks/531-298a3591a604d5fe.js         24.9 kB
  ├ chunks/879-75750c0254140104.js         157 kB
  ├ chunks/bf6a786c-2ea5e8a62701099a.js    52.7 kB
  ├ chunks/main-app-05b02f5a392b76be.js    225 B
  └ chunks/webpack-44c61d4e0fd4bd90.js     2.31 kB

Route (pages)                              Size     First Load JS
─ ○ /404                                   183 B          81.3 kB
+ First Load JS shared by all              81.1 kB
  ├ chunks/framework-43665103d101a22d.js   45.1 kB
  ├ chunks/main-1e1cab73488ff3f0.js        33.5 kB
  ├ chunks/pages/_app-6b79a29ad0d63b21.js  199 B
  └ chunks/webpack-44c61d4e0fd4bd90.js     2.31 kB

λ  (Server)  server-side renders at runtime (uses getInitialProps or getServerSideProps)
○  (Static)  automatically rendered as static HTML (uses no initial props)
●  (SSG)     automatically generated as static HTML + JSON (uses getStaticProps)

