
╭──────────────────────────────────────────────────────────────────────────────╮│                                                                              ││                        Update available 2.4.3 → 3.0.0                        ││                                                                              ││       To upgrade Docusaurus packages with the latest version, run the        ││                             following command:                               ││       `npm i @docusaurus/core@latest @docusaurus/preset-classic@latest       ││                  @docusaurus/remark-plugin-npm2yarn@latest                   ││                   @docusaurus/module-type-aliases@latest`                    ││                                                                              │╰──────────────────────────────────────────────────────────────────────────────╯

[INFO] [en] Creating an optimized production build...
[WARNING] Error: Failed to retrieve the git history for file "/home/habibullah/Projects/medusa-docs-1.17.1/apps/docs/content/beta.md" with exit code 128: fatal: not a git repository (or any of the parent directories): .git

[WARNING] Error: Failed to retrieve the git history for file "/home/habibullah/Projects/medusa-docs-1.17.1/apps/docs/content/create-medusa-app.mdx" with exit code 128: fatal: not a git repository (or any of the parent directories): .git

[WARNING] Error: Failed to retrieve the git history for file "/home/habibullah/Projects/medusa-docs-1.17.1/apps/docs/content/glossary.mdx" with exit code 128: fatal: not a git repository (or any of the parent directories): .git

[WARNING] Error: Failed to retrieve the git history for file "/home/habibullah/Projects/medusa-docs-1.17.1/apps/docs/content/homepage.mdx" with exit code 128: fatal: not a git repository (or any of the parent directories): .git

[WARNING] Error: Failed to retrieve the git history for file "/home/habibullah/Projects/medusa-docs-1.17.1/apps/docs/content/usage.md" with exit code 128: fatal: not a git repository (or any of the parent directories): .git

[WARNING] Error: Failed to retrieve the git history for file "/home/habibullah/Projects/medusa-docs-1.17.1/apps/docs/content/user-guide.mdx" with exit code 128: fatal: not a git repository (or any of the parent directories): .git

[WARNING] Error: Failed to retrieve the git history for file "/home/habibullah/Projects/medusa-docs-1.17.1/apps/docs/content/admin/configuration.md" with exit code 128: fatal: not a git repository (or any of the parent directories): .git

[WARNING] Error: Failed to retrieve the git history for file "/home/habibullah/Projects/medusa-docs-1.17.1/apps/docs/content/admin/onboarding.md" with exit code 128: fatal: not a git repository (or any of the parent directories): .git

[WARNING] Error: Failed to retrieve the git history for file "/home/habibullah/Projects/medusa-docs-1.17.1/apps/docs/content/admin/quickstart.mdx" with exit code 128: fatal: not a git repository (or any of the parent directories): .git

[WARNING] Error: Failed to retrieve the git history for file "/home/habibullah/Projects/medusa-docs-1.17.1/apps/docs/content/admin/routes.md" with exit code 128: fatal: not a git repository (or any of the parent directories): .git

[WARNING] Error: Failed to retrieve the git history for file "/home/habibullah/Projects/medusa-docs-1.17.1/apps/docs/content/admin/setting-pages.md" with exit code 128: fatal: not a git repository (or any of the parent directories): .git

[WARNING] Error: Failed to retrieve the git history for file "/home/habibullah/Projects/medusa-docs-1.17.1/apps/docs/content/admin/widgets.md" with exit code 128: fatal: not a git repository (or any of the parent directories): .git

[WARNING] Error: Failed to retrieve the git history for file "/home/habibullah/Projects/medusa-docs-1.17.1/apps/docs/content/cli/reference.mdx" with exit code 128: fatal: not a git repository (or any of the parent directories): .git

[WARNING] Error: Failed to retrieve the git history for file "/home/habibullah/Projects/medusa-docs-1.17.1/apps/docs/content/contribution/admin-translations.md" with exit code 128: fatal: not a git repository (or any of the parent directories): .git

[WARNING] Error: Failed to retrieve the git history for file "/home/habibullah/Projects/medusa-docs-1.17.1/apps/docs/content/contribution/docs.md" with exit code 128: fatal: not a git repository (or any of the parent directories): .git

[WARNING] Error: Failed to retrieve the git history for file "/home/habibullah/Projects/medusa-docs-1.17.1/apps/docs/content/development/overview.mdx" with exit code 128: fatal: not a git repository (or any of the parent directories): .git

[WARNING] Error: Failed to retrieve the git history for file "/home/habibullah/Projects/medusa-docs-1.17.1/apps/docs/content/js-client/overview.md" with exit code 128: fatal: not a git repository (or any of the parent directories): .git

[WARNING] Error: Failed to retrieve the git history for file "/home/habibullah/Projects/medusa-docs-1.17.1/apps/docs/content/medusa-react/overview.mdx" with exit code 128: fatal: not a git repository (or any of the parent directories): .git

[WARNING] Error: Failed to retrieve the git history for file "/home/habibullah/Projects/medusa-docs-1.17.1/apps/docs/content/modules/overview.mdx" with exit code 128: fatal: not a git repository (or any of the parent directories): .git

[WARNING] Error: Failed to retrieve the git history for file "/home/habibullah/Projects/medusa-docs-1.17.1/apps/docs/content/plugins/overview.mdx" with exit code 128: fatal: not a git repository (or any of the parent directories): .git

[WARNING] Error: Failed to retrieve the git history for file "/home/habibullah/Projects/medusa-docs-1.17.1/apps/docs/content/recipes/b2b.mdx" with exit code 128: fatal: not a git repository (or any of the parent directories): .git

[WARNING] Error: Failed to retrieve the git history for file "/home/habibullah/Projects/medusa-docs-1.17.1/apps/docs/content/recipes/commerce-automation.mdx" with exit code 128: fatal: not a git repository (or any of the parent directories): .git

[WARNING] Error: Failed to retrieve the git history for file "/home/habibullah/Projects/medusa-docs-1.17.1/apps/docs/content/recipes/digital-products.mdx" with exit code 128: fatal: not a git repository (or any of the parent directories): .git

[WARNING] Error: Failed to retrieve the git history for file "/home/habibullah/Projects/medusa-docs-1.17.1/apps/docs/content/recipes/ecommerce.mdx" with exit code 128: fatal: not a git repository (or any of the parent directories): .git

[WARNING] Error: Failed to retrieve the git history for file "/home/habibullah/Projects/medusa-docs-1.17.1/apps/docs/content/recipes/index.mdx" with exit code 128: fatal: not a git repository (or any of the parent directories): .git

[WARNING] Error: Failed to retrieve the git history for file "/home/habibullah/Projects/medusa-docs-1.17.1/apps/docs/content/recipes/marketplace.mdx" with exit code 128: fatal: not a git repository (or any of the parent directories): .git

[WARNING] Error: Failed to retrieve the git history for file "/home/habibullah/Projects/medusa-docs-1.17.1/apps/docs/content/recipes/multi-region.mdx" with exit code 128: fatal: not a git repository (or any of the parent directories): .git

[WARNING] Error: Failed to retrieve the git history for file "/home/habibullah/Projects/medusa-docs-1.17.1/apps/docs/content/recipes/omnichannel.mdx" with exit code 128: fatal: not a git repository (or any of the parent directories): .git

[WARNING] Error: Failed to retrieve the git history for file "/home/habibullah/Projects/medusa-docs-1.17.1/apps/docs/content/recipes/oms.mdx" with exit code 128: fatal: not a git repository (or any of the parent directories): .git

[WARNING] Error: Failed to retrieve the git history for file "/home/habibullah/Projects/medusa-docs-1.17.1/apps/docs/content/recipes/personalized-products.mdx" with exit code 128: fatal: not a git repository (or any of the parent directories): .git

[WARNING] Error: Failed to retrieve the git history for file "/home/habibullah/Projects/medusa-docs-1.17.1/apps/docs/content/recipes/pos.mdx" with exit code 128: fatal: not a git repository (or any of the parent directories): .git

[WARNING] Error: Failed to retrieve the git history for file "/home/habibullah/Projects/medusa-docs-1.17.1/apps/docs/content/recipes/subscriptions.mdx" with exit code 128: fatal: not a git repository (or any of the parent directories): .git

[WARNING] Error: Failed to retrieve the git history for file "/home/habibullah/Projects/medusa-docs-1.17.1/apps/docs/content/starters/nextjs-medusa-starter.mdx" with exit code 128: fatal: not a git repository (or any of the parent directories): .git

[WARNING] Error: Failed to retrieve the git history for file "/home/habibullah/Projects/medusa-docs-1.17.1/apps/docs/content/storefront/roadmap.mdx" with exit code 128: fatal: not a git repository (or any of the parent directories): .git

[WARNING] Error: Failed to retrieve the git history for file "/home/habibullah/Projects/medusa-docs-1.17.1/apps/docs/content/troubleshooting/awilix-resolution-error.mdx" with exit code 128: fatal: not a git repository (or any of the parent directories): .git

[WARNING] Error: Failed to retrieve the git history for file "/home/habibullah/Projects/medusa-docs-1.17.1/apps/docs/content/troubleshooting/cli-installation-errors.mdx" with exit code 128: fatal: not a git repository (or any of the parent directories): .git

[WARNING] Error: Failed to retrieve the git history for file "/home/habibullah/Projects/medusa-docs-1.17.1/apps/docs/content/troubleshooting/common-installation-errors.mdx" with exit code 128: fatal: not a git repository (or any of the parent directories): .git

[WARNING] Error: Failed to retrieve the git history for file "/home/habibullah/Projects/medusa-docs-1.17.1/apps/docs/content/troubleshooting/cors-issues.md" with exit code 128: fatal: not a git repository (or any of the parent directories): .git

[WARNING] Error: Failed to retrieve the git history for file "/home/habibullah/Projects/medusa-docs-1.17.1/apps/docs/content/troubleshooting/create-medusa-app-errors.mdx" with exit code 128: fatal: not a git repository (or any of the parent directories): .git

[WARNING] Error: Failed to retrieve the git history for file "/home/habibullah/Projects/medusa-docs-1.17.1/apps/docs/content/troubleshooting/custom-hooks-error.md" with exit code 128: fatal: not a git repository (or any of the parent directories): .git

[WARNING] Error: Failed to retrieve the git history for file "/home/habibullah/Projects/medusa-docs-1.17.1/apps/docs/content/troubleshooting/database-error.mdx" with exit code 128: fatal: not a git repository (or any of the parent directories): .git

[WARNING] Error: Failed to retrieve the git history for file "/home/habibullah/Projects/medusa-docs-1.17.1/apps/docs/content/troubleshooting/documentation-error.md" with exit code 128: fatal: not a git repository (or any of the parent directories): .git

[WARNING] Error: Failed to retrieve the git history for file "/home/habibullah/Projects/medusa-docs-1.17.1/apps/docs/content/troubleshooting/eaddrinuse.md" with exit code 128: fatal: not a git repository (or any of the parent directories): .git

[WARNING] Error: Failed to retrieve the git history for file "/home/habibullah/Projects/medusa-docs-1.17.1/apps/docs/content/troubleshooting/errors-after-update.md" with exit code 1: 
[WARNING] Error: Failed to retrieve the git history for file "/home/habibullah/Projects/medusa-docs-1.17.1/apps/docs/content/troubleshooting/missing-payment-providers.md" with exit code 128: fatal: not a git repository (or any of the parent directories): .git

[WARNING] Error: Failed to retrieve the git history for file "/home/habibullah/Projects/medusa-docs-1.17.1/apps/docs/content/troubleshooting/redis-events.md" with exit code 128: fatal: not a git repository (or any of the parent directories): .git

[WARNING] Error: Failed to retrieve the git history for file "/home/habibullah/Projects/medusa-docs-1.17.1/apps/docs/content/troubleshooting/s3-acl-error.md" with exit code 128: fatal: not a git repository (or any of the parent directories): .git

[WARNING] Error: Failed to retrieve the git history for file "/home/habibullah/Projects/medusa-docs-1.17.1/apps/docs/content/troubleshooting/signing-in-to-admin.md" with exit code 128: fatal: not a git repository (or any of the parent directories): .git

[WARNING] Error: Failed to retrieve the git history for file "/home/habibullah/Projects/medusa-docs-1.17.1/apps/docs/content/troubleshooting/upgrade-beta.md" with exit code 128: fatal: not a git repository (or any of the parent directories): .git

[WARNING] Error: Failed to retrieve the git history for file "/home/habibullah/Projects/medusa-docs-1.17.1/apps/docs/content/upgrade-guides/index.mdx" with exit code 128: fatal: not a git repository (or any of the parent directories): .git

[WARNING] Error: Failed to retrieve the git history for file "/home/habibullah/Projects/medusa-docs-1.17.1/apps/docs/content/user-guide/lists.mdx" with exit code 128: fatal: not a git repository (or any of the parent directories): .git

[WARNING] Error: Failed to retrieve the git history for file "/home/habibullah/Projects/medusa-docs-1.17.1/apps/docs/content/deployments/admin/deploying-on-vercel.mdx" with exit code 128: fatal: not a git repository (or any of the parent directories): .git

[WARNING] Error: Failed to retrieve the git history for file "/home/habibullah/Projects/medusa-docs-1.17.1/apps/docs/content/deployments/admin/index.mdx" with exit code 128: fatal: not a git repository (or any of the parent directories): .git

[WARNING] Error: Failed to retrieve the git history for file "/home/habibullah/Projects/medusa-docs-1.17.1/apps/docs/content/deployments/server/deploying-on-digital-ocean.md" with exit code 128: fatal: not a git repository (or any of the parent directories): .git

[WARNING] Error: Failed to retrieve the git history for file "/home/habibullah/Projects/medusa-docs-1.17.1/apps/docs/content/deployments/server/deploying-on-heroku.mdx" with exit code 128: fatal: not a git repository (or any of the parent directories): .git

[WARNING] Error: Failed to retrieve the git history for file "/home/habibullah/Projects/medusa-docs-1.17.1/apps/docs/content/deployments/server/deploying-on-microtica.md" with exit code 128: fatal: not a git repository (or any of the parent directories): .git

[WARNING] Error: Failed to retrieve the git history for file "/home/habibullah/Projects/medusa-docs-1.17.1/apps/docs/content/deployments/server/deploying-on-railway.md" with exit code 128: fatal: not a git repository (or any of the parent directories): .git

[WARNING] Error: Failed to retrieve the git history for file "/home/habibullah/Projects/medusa-docs-1.17.1/apps/docs/content/deployments/server/general-guide.md" with exit code 128: fatal: not a git repository (or any of the parent directories): .git

[WARNING] Error: Failed to retrieve the git history for file "/home/habibullah/Projects/medusa-docs-1.17.1/apps/docs/content/deployments/server/index.mdx" with exit code 128: fatal: not a git repository (or any of the parent directories): .git

[WARNING] Error: Failed to retrieve the git history for file "/home/habibullah/Projects/medusa-docs-1.17.1/apps/docs/content/deployments/storefront/deploying-next-on-vercel.mdx" with exit code 128: fatal: not a git repository (or any of the parent directories): .git

[WARNING] Error: Failed to retrieve the git history for file "/home/habibullah/Projects/medusa-docs-1.17.1/apps/docs/content/deployments/storefront/index.mdx" with exit code 128: fatal: not a git repository (or any of the parent directories): .git

[WARNING] Error: Failed to retrieve the git history for file "/home/habibullah/Projects/medusa-docs-1.17.1/apps/docs/content/development/backend/configurations.md" with exit code 128: fatal: not a git repository (or any of the parent directories): .git

[WARNING] Error: Failed to retrieve the git history for file "/home/habibullah/Projects/medusa-docs-1.17.1/apps/docs/content/development/backend/directory-structure.md" with exit code 128: fatal: not a git repository (or any of the parent directories): .git

[WARNING] Error: Failed to retrieve the git history for file "/home/habibullah/Projects/medusa-docs-1.17.1/apps/docs/content/development/backend/install.mdx" with exit code 128: fatal: not a git repository (or any of the parent directories): .git

[WARNING] Error: Failed to retrieve the git history for file "/home/habibullah/Projects/medusa-docs-1.17.1/apps/docs/content/development/backend/prepare-environment.mdx" with exit code 128: fatal: not a git repository (or any of the parent directories): .git

[WARNING] Error: Failed to retrieve the git history for file "/home/habibullah/Projects/medusa-docs-1.17.1/apps/docs/content/development/batch-jobs/create.mdx" with exit code 128: fatal: not a git repository (or any of the parent directories): .git

[WARNING] Error: Failed to retrieve the git history for file "/home/habibullah/Projects/medusa-docs-1.17.1/apps/docs/content/development/batch-jobs/customize-import.md" with exit code 128: fatal: not a git repository (or any of the parent directories): .git

[WARNING] Error: Failed to retrieve the git history for file "/home/habibullah/Projects/medusa-docs-1.17.1/apps/docs/content/development/batch-jobs/index.mdx" with exit code 128: fatal: not a git repository (or any of the parent directories): .git

[WARNING] Error: Failed to retrieve the git history for file "/home/habibullah/Projects/medusa-docs-1.17.1/apps/docs/content/development/cache/create.md" with exit code 128: fatal: not a git repository (or any of the parent directories): .git

[WARNING] Error: Failed to retrieve the git history for file "/home/habibullah/Projects/medusa-docs-1.17.1/apps/docs/content/development/cache/overview.mdx" with exit code 128: fatal: not a git repository (or any of the parent directories): .git

[WARNING] Error: Failed to retrieve the git history for file "/home/habibullah/Projects/medusa-docs-1.17.1/apps/docs/content/development/endpoints/add-middleware.mdx" with exit code 128: fatal: not a git repository (or any of the parent directories): .git

[WARNING] Error: Failed to retrieve the git history for file "/home/habibullah/Projects/medusa-docs-1.17.1/apps/docs/content/development/endpoints/create.mdx" with exit code 128: fatal: not a git repository (or any of the parent directories): .git

[WARNING] Error: Failed to retrieve the git history for file "/home/habibullah/Projects/medusa-docs-1.17.1/apps/docs/content/development/endpoints/example-logged-in-user.mdx" with exit code 128: fatal: not a git repository (or any of the parent directories): .git

[WARNING] Error: Failed to retrieve the git history for file "/home/habibullah/Projects/medusa-docs-1.17.1/apps/docs/content/development/endpoints/extend-validator.md" with exit code 128: fatal: not a git repository (or any of the parent directories): .git

[WARNING] Error: Failed to retrieve the git history for file "/home/habibullah/Projects/medusa-docs-1.17.1/apps/docs/content/development/endpoints/overview.mdx" with exit code 128: fatal: not a git repository (or any of the parent directories): .git

[WARNING] Error: Failed to retrieve the git history for file "/home/habibullah/Projects/medusa-docs-1.17.1/apps/docs/content/development/entities/create.mdx" with exit code 128: fatal: not a git repository (or any of the parent directories): .git

[WARNING] Error: Failed to retrieve the git history for file "/home/habibullah/Projects/medusa-docs-1.17.1/apps/docs/content/development/entities/extend-entity.md" with exit code 128: fatal: not a git repository (or any of the parent directories): .git

[WARNING] Error: Failed to retrieve the git history for file "/home/habibullah/Projects/medusa-docs-1.17.1/apps/docs/content/development/entities/extend-repository.md" with exit code 128: fatal: not a git repository (or any of the parent directories): .git

[WARNING] Error: Failed to retrieve the git history for file "/home/habibullah/Projects/medusa-docs-1.17.1/apps/docs/content/development/entities/overview.mdx" with exit code 128: fatal: not a git repository (or any of the parent directories): .git

[WARNING] Error: Failed to retrieve the git history for file "/home/habibullah/Projects/medusa-docs-1.17.1/apps/docs/content/development/entities/repositories.md" with exit code 128: fatal: not a git repository (or any of the parent directories): .git

[WARNING] Error: Failed to retrieve the git history for file "/home/habibullah/Projects/medusa-docs-1.17.1/apps/docs/content/development/events/create-module.md" with exit code 128: fatal: not a git repository (or any of the parent directories): .git

[WARNING] Error: Failed to retrieve the git history for file "/home/habibullah/Projects/medusa-docs-1.17.1/apps/docs/content/development/events/create-subscriber.md" with exit code 128: fatal: not a git repository (or any of the parent directories): .git

[WARNING] Error: Failed to retrieve the git history for file "/home/habibullah/Projects/medusa-docs-1.17.1/apps/docs/content/development/events/events-list.md" with exit code 128: fatal: not a git repository (or any of the parent directories): .git

[WARNING] Error: Failed to retrieve the git history for file "/home/habibullah/Projects/medusa-docs-1.17.1/apps/docs/content/development/events/index.mdx" with exit code 128: fatal: not a git repository (or any of the parent directories): .git

[WARNING] Error: Failed to retrieve the git history for file "/home/habibullah/Projects/medusa-docs-1.17.1/apps/docs/content/development/events/subscribers.mdx" with exit code 128: fatal: not a git repository (or any of the parent directories): .git

[WARNING] Error: Failed to retrieve the git history for file "/home/habibullah/Projects/medusa-docs-1.17.1/apps/docs/content/development/feature-flags/overview.mdx" with exit code 128: fatal: not a git repository (or any of the parent directories): .git

[WARNING] Error: Failed to retrieve the git history for file "/home/habibullah/Projects/medusa-docs-1.17.1/apps/docs/content/development/feature-flags/toggle.md" with exit code 128: fatal: not a git repository (or any of the parent directories): .git

[WARNING] Error: Failed to retrieve the git history for file "/home/habibullah/Projects/medusa-docs-1.17.1/apps/docs/content/development/file-service/create-file-service.md" with exit code 128: fatal: not a git repository (or any of the parent directories): .git

[WARNING] Error: Failed to retrieve the git history for file "/home/habibullah/Projects/medusa-docs-1.17.1/apps/docs/content/development/file-service/overview.mdx" with exit code 128: fatal: not a git repository (or any of the parent directories): .git

[WARNING] Error: Failed to retrieve the git history for file "/home/habibullah/Projects/medusa-docs-1.17.1/apps/docs/content/development/fundamentals/architecture-overview.md" with exit code 128: fatal: not a git repository (or any of the parent directories): .git

[WARNING] Error: Failed to retrieve the git history for file "/home/habibullah/Projects/medusa-docs-1.17.1/apps/docs/content/development/fundamentals/dependency-injection.md" with exit code 128: fatal: not a git repository (or any of the parent directories): .git

[WARNING] Error: Failed to retrieve the git history for file "/home/habibullah/Projects/medusa-docs-1.17.1/apps/docs/content/development/fundamentals/local-development.md" with exit code 128: fatal: not a git repository (or any of the parent directories): .git

[WARNING] Error: Failed to retrieve the git history for file "/home/habibullah/Projects/medusa-docs-1.17.1/apps/docs/content/development/fundamentals/transaction-orchestrator.md" with exit code 128: fatal: not a git repository (or any of the parent directories): .git

[WARNING] Error: Failed to retrieve the git history for file "/home/habibullah/Projects/medusa-docs-1.17.1/apps/docs/content/development/idempotency-key/overview.mdx" with exit code 128: fatal: not a git repository (or any of the parent directories): .git

[WARNING] Error: Failed to retrieve the git history for file "/home/habibullah/Projects/medusa-docs-1.17.1/apps/docs/content/development/idempotency-key/use-service.md" with exit code 128: fatal: not a git repository (or any of the parent directories): .git

[WARNING] Error: Failed to retrieve the git history for file "/home/habibullah/Projects/medusa-docs-1.17.1/apps/docs/content/development/loaders/create.md" with exit code 128: fatal: not a git repository (or any of the parent directories): .git

[WARNING] Error: Failed to retrieve the git history for file "/home/habibullah/Projects/medusa-docs-1.17.1/apps/docs/content/development/loaders/overview.mdx" with exit code 128: fatal: not a git repository (or any of the parent directories): .git

[WARNING] Error: Failed to retrieve the git history for file "/home/habibullah/Projects/medusa-docs-1.17.1/apps/docs/content/development/modules/create.mdx" with exit code 128: fatal: not a git repository (or any of the parent directories): .git

[WARNING] Error: Failed to retrieve the git history for file "/home/habibullah/Projects/medusa-docs-1.17.1/apps/docs/content/development/modules/overview.mdx" with exit code 128: fatal: not a git repository (or any of the parent directories): .git

[WARNING] Error: Failed to retrieve the git history for file "/home/habibullah/Projects/medusa-docs-1.17.1/apps/docs/content/development/modules/publish.md" with exit code 128: fatal: not a git repository (or any of the parent directories): .git

[WARNING] Error: Failed to retrieve the git history for file "/home/habibullah/Projects/medusa-docs-1.17.1/apps/docs/content/development/notification/create-notification-provider.md" with exit code 128: fatal: not a git repository (or any of the parent directories): .git

[WARNING] Error: Failed to retrieve the git history for file "/home/habibullah/Projects/medusa-docs-1.17.1/apps/docs/content/development/notification/overview.mdx" with exit code 128: fatal: not a git repository (or any of the parent directories): .git

[WARNING] Error: Failed to retrieve the git history for file "/home/habibullah/Projects/medusa-docs-1.17.1/apps/docs/content/development/plugins/create.mdx" with exit code 128: fatal: not a git repository (or any of the parent directories): .git

[WARNING] Error: Failed to retrieve the git history for file "/home/habibullah/Projects/medusa-docs-1.17.1/apps/docs/content/development/plugins/overview.mdx" with exit code 128: fatal: not a git repository (or any of the parent directories): .git

[WARNING] Error: Failed to retrieve the git history for file "/home/habibullah/Projects/medusa-docs-1.17.1/apps/docs/content/development/plugins/publish.mdx" with exit code 128: fatal: not a git repository (or any of the parent directories): .git

[WARNING] Error: Failed to retrieve the git history for file "/home/habibullah/Projects/medusa-docs-1.17.1/apps/docs/content/development/publishable-api-keys/index.mdx" with exit code 128: fatal: not a git repository (or any of the parent directories): .git

[WARNING] Error: Failed to retrieve the git history for file "/home/habibullah/Projects/medusa-docs-1.17.1/apps/docs/content/development/scheduled-jobs/create.md" with exit code 128: fatal: not a git repository (or any of the parent directories): .git

[WARNING] Error: Failed to retrieve the git history for file "/home/habibullah/Projects/medusa-docs-1.17.1/apps/docs/content/development/scheduled-jobs/overview.mdx" with exit code 128: fatal: not a git repository (or any of the parent directories): .git

[WARNING] Error: Failed to retrieve the git history for file "/home/habibullah/Projects/medusa-docs-1.17.1/apps/docs/content/development/search/create.md" with exit code 128: fatal: not a git repository (or any of the parent directories): .git

[WARNING] Error: Failed to retrieve the git history for file "/home/habibullah/Projects/medusa-docs-1.17.1/apps/docs/content/development/search/overview.mdx" with exit code 128: fatal: not a git repository (or any of the parent directories): .git

[WARNING] Error: Failed to retrieve the git history for file "/home/habibullah/Projects/medusa-docs-1.17.1/apps/docs/content/development/services/create-service.mdx" with exit code 128: fatal: not a git repository (or any of the parent directories): .git

[WARNING] Error: Failed to retrieve the git history for file "/home/habibullah/Projects/medusa-docs-1.17.1/apps/docs/content/development/services/extend-service.mdx" with exit code 128: fatal: not a git repository (or any of the parent directories): .git

[WARNING] Error: Failed to retrieve the git history for file "/home/habibullah/Projects/medusa-docs-1.17.1/apps/docs/content/development/services/overview.mdx" with exit code 128: fatal: not a git repository (or any of the parent directories): .git

[WARNING] Error: Failed to retrieve the git history for file "/home/habibullah/Projects/medusa-docs-1.17.1/apps/docs/content/development/strategies/override-strategy.md" with exit code 128: fatal: not a git repository (or any of the parent directories): .git

[WARNING] Error: Failed to retrieve the git history for file "/home/habibullah/Projects/medusa-docs-1.17.1/apps/docs/content/development/strategies/overview.mdx" with exit code 128: fatal: not a git repository (or any of the parent directories): .git

[WARNING] Error: Failed to retrieve the git history for file "/home/habibullah/Projects/medusa-docs-1.17.1/apps/docs/content/modules/carts-and-checkout/cart.md" with exit code 128: fatal: not a git repository (or any of the parent directories): .git

[WARNING] Error: Failed to retrieve the git history for file "/home/habibullah/Projects/medusa-docs-1.17.1/apps/docs/content/modules/carts-and-checkout/overview.mdx" with exit code 128: fatal: not a git repository (or any of the parent directories): .git

[WARNING] Error: Failed to retrieve the git history for file "/home/habibullah/Projects/medusa-docs-1.17.1/apps/docs/content/modules/carts-and-checkout/payment.md" with exit code 128: fatal: not a git repository (or any of the parent directories): .git

[WARNING] Error: Failed to retrieve the git history for file "/home/habibullah/Projects/medusa-docs-1.17.1/apps/docs/content/modules/carts-and-checkout/shipping.md" with exit code 128: fatal: not a git repository (or any of the parent directories): .git

[WARNING] Error: Failed to retrieve the git history for file "/home/habibullah/Projects/medusa-docs-1.17.1/apps/docs/content/modules/customers/customer-groups.md" with exit code 128: fatal: not a git repository (or any of the parent directories): .git

[WARNING] Error: Failed to retrieve the git history for file "/home/habibullah/Projects/medusa-docs-1.17.1/apps/docs/content/modules/customers/customers.md" with exit code 128: fatal: not a git repository (or any of the parent directories): .git

[WARNING] Error: Failed to retrieve the git history for file "/home/habibullah/Projects/medusa-docs-1.17.1/apps/docs/content/modules/customers/overview.mdx" with exit code 128: fatal: not a git repository (or any of the parent directories): .git

[WARNING] Error: Failed to retrieve the git history for file "/home/habibullah/Projects/medusa-docs-1.17.1/apps/docs/content/modules/discounts/discounts.md" with exit code 128: fatal: not a git repository (or any of the parent directories): .git

[WARNING] Error: Failed to retrieve the git history for file "/home/habibullah/Projects/medusa-docs-1.17.1/apps/docs/content/modules/discounts/overview.mdx" with exit code 128: fatal: not a git repository (or any of the parent directories): .git

[WARNING] Error: Failed to retrieve the git history for file "/home/habibullah/Projects/medusa-docs-1.17.1/apps/docs/content/modules/gift-cards/gift-cards.md" with exit code 128: fatal: not a git repository (or any of the parent directories): .git

[WARNING] Error: Failed to retrieve the git history for file "/home/habibullah/Projects/medusa-docs-1.17.1/apps/docs/content/modules/gift-cards/overview.mdx" with exit code 128: fatal: not a git repository (or any of the parent directories): .git

[WARNING] Error: Failed to retrieve the git history for file "/home/habibullah/Projects/medusa-docs-1.17.1/apps/docs/content/modules/multiwarehouse/insta